<?xml version="1.0" encoding="UTF-8"?>
<!-- Generated by org.testng.reporters.JUnitReportReporter -->
<testsuite name="com.test.com.test.automation.Demo" tests="1" time="7.549" ignored="0" failures="0" timestamp="17 Feb 2017 09:37:00 GMT" skipped="0" hostname="iqiltr027" errors="0">
  <testcase name="form" time="7.549" classname="com.test.com.test.automation.Demo"/>
</testsuite> <!-- com.test.com.test.automation.Demo -->
